<?xml version="1.0" encoding="UTF-8"?>
<testng-results ignored="1" total="2" passed="1" failed="0" skipped="0">
  <reporter-output>
  </reporter-output>
  <suite started-at="2021-01-07T15:48:52 IST" name="Default suite" finished-at="2021-01-07T15:48:57 IST" duration-ms="5044">
    <groups>
    </groups>
    <test started-at="2021-01-07T15:48:52 IST" name="Default test" finished-at="2021-01-07T15:48:57 IST" duration-ms="5044">
      <class name="pojo_Advance.Test_Class">
        <test-method signature="Serialising()[pri:0, instance:pojo_Advance.Test_Class@1cbbffcd]" started-at="2021-01-07T15:48:52 IST" name="Serialising" finished-at="2021-01-07T15:48:57 IST" duration-ms="4983" status="PASS">
          <reporter-output>
          </reporter-output>
        </test-method> <!-- Serialising -->
      </class> <!-- pojo_Advance.Test_Class -->
    </test> <!-- Default test -->
  </suite> <!-- Default suite -->
</testng-results>
